<?xml version="1.0" encoding="UTF-8"?>
<!-- Generated by org.testng.reporters.JUnitReportReporter -->
<testsuite skipped="2" hostname="GANESH-PC" name="testNG.SkipTestCase" tests="6" failures="0" timestamp="2020-01-02T15:03:06 IST" time="0.021" errors="0">
  <testcase name="Thirdtestcase" time="0.015" classname="testNG.SkipTestCase"/>
  <testcase name="Fourthtestcase" time="0.002" classname="testNG.SkipTestCase"/>
  <testcase name="Fifthtestcase" time="0.002" classname="testNG.SkipTestCase"/>
  <testcase name="Sixthtestcase" time="0.002" classname="testNG.SkipTestCase"/>
  <testcase name="firsttestcase" classname="testNG.SkipTestCase">
    <skipped/>
  </testcase> <!-- firsttestcase -->
  <testcase name="secondtestcase" classname="testNG.SkipTestCase">
    <skipped/>
  </testcase> <!-- secondtestcase -->
</testsuite> <!-- testNG.SkipTestCase -->
