<?xml version="1.0" encoding="UTF-8"?>
<!-- Generated by org.testng.reporters.JUnitReportReporter -->
<testsuite skipped="0" hostname="GANESH-PC" name="testNG.BasicAnnotation" tests="5" failures="0" timestamp="2020-01-02T15:03:06 IST" time="0.009" errors="0">
  <testcase name="firsttestcase" time="0.002" classname="testNG.BasicAnnotation"/>
  <testcase name="Fourthtestcase" time="0.002" classname="testNG.BasicAnnotation"/>
  <testcase name="Fifthtestcase" time="0.002" classname="testNG.BasicAnnotation"/>
  <testcase name="secondtestcase" time="0.002" classname="testNG.BasicAnnotation"/>
  <testcase name="Thirdtestcase" time="0.001" classname="testNG.BasicAnnotation"/>
</testsuite> <!-- testNG.BasicAnnotation -->
