<?xml version="1.0" encoding="UTF-8"?>
<!-- Generated by org.testng.reporters.JUnitReportReporter -->
<testsuite skipped="0" hostname="GANESH-PC" name="testNG.PriorityExcecute" tests="6" failures="0" timestamp="2019-12-31T13:48:28 IST" time="0.025" errors="0">
  <testcase name="Fifthtestcase" time="0.014" classname="testNG.PriorityExcecute"/>
  <testcase name="Fourthtestcase" time="0.002" classname="testNG.PriorityExcecute"/>
  <testcase name="secondtestcase" time="0.002" classname="testNG.PriorityExcecute"/>
  <testcase name="Sixthtestcase" time="0.003" classname="testNG.PriorityExcecute"/>
  <testcase name="Thirdtestcase" time="0.002" classname="testNG.PriorityExcecute"/>
  <testcase name="firsttestcase" time="0.002" classname="testNG.PriorityExcecute"/>
</testsuite> <!-- testNG.PriorityExcecute -->
