<?xml version="1.0" encoding="UTF-8"?>
<!-- Generated by org.testng.reporters.JUnitReportReporter -->
<testsuite skipped="0" hostname="GANESH-PC" name="pickyourtrailIntializer.Pickyourtrail" tests="1" failures="0" timestamp="2020-01-20T14:08:10 IST" time="25.741" errors="0">
  <testcase name="confirmTravel" time="25.741" classname="pickyourtrailIntializer.Pickyourtrail"/>
</testsuite> <!-- pickyourtrailIntializer.Pickyourtrail -->
