<?xml version="1.0" encoding="UTF-8"?>
<!-- Generated by org.testng.reporters.JUnitReportReporter -->
<testsuite skipped="0" hostname="GANESH-PC" name="testNG.Dependency" tests="5" failures="0" timestamp="2020-01-02T15:08:41 IST" time="0.022" errors="0">
  <testcase name="fifthmethod" time="0.002" classname="testNG.Dependency"/>
  <testcase name="firstmethod" time="0.013" classname="testNG.Dependency"/>
  <testcase name="fourthmehod" time="0.002" classname="testNG.Dependency"/>
  <testcase name="thirdmethod" time="0.003" classname="testNG.Dependency"/>
  <testcase name="secondmethod" time="0.002" classname="testNG.Dependency"/>
</testsuite> <!-- testNG.Dependency -->
