<?xml version="1.0" encoding="UTF-8"?>
<!-- Generated by org.testng.reporters.JUnitReportReporter -->
<testsuite skipped="0" hostname="GANESH-PC" name="pickyourtrailIntializer.Pickyourtrail" tests="1" failures="0" timestamp="2020-01-24T18:13:44 IST" time="63.347" errors="0">
  <testcase name="validatePickyourTrail" time="63.347" classname="pickyourtrailIntializer.Pickyourtrail"/>
</testsuite> <!-- pickyourtrailIntializer.Pickyourtrail -->
